This is pdfTeX, Version 3.14159265-2.6-1.40.21 (TeX Live 2020) (preloaded format=pdflatex 2020.4.7)  4 NOV 2020 23:09
entering extended mode
 restricted \write18 enabled.
 %&-line parsing enabled.
**strokeTherapy.tex
(./strokeTherapy.tex
LaTeX2e <2020-02-02> patch level 5
L3 programming layer <2020-03-06>
(/usr/local/texlive/2020/texmf-dist/tex/latex/base/article.cls
Document Class: article 2019/12/20 v1.4l Standard LaTeX document class
(/usr/local/texlive/2020/texmf-dist/tex/latex/base/size11.clo
File: size11.clo 2019/12/20 v1.4l Standard LaTeX file (size option)
)
\c@part=\count167
\c@section=\count168
\c@subsection=\count169
\c@subsubsection=\count170
\c@paragraph=\count171
\c@subparagraph=\count172
\c@figure=\count173
\c@table=\count174
\abovecaptionskip=\skip47
\belowcaptionskip=\skip48
\bibindent=\dimen134
)
(/usr/local/texlive/2020/texmf-dist/tex/latex/graphics/graphicx.sty
Package: graphicx 2019/11/30 v1.2a Enhanced LaTeX Graphics (DPC,SPQR)

(/usr/local/texlive/2020/texmf-dist/tex/latex/graphics/keyval.sty
Package: keyval 2014/10/28 v1.15 key=value parser (DPC)
\KV@toks@=\toks15
)
(/usr/local/texlive/2020/texmf-dist/tex/latex/graphics/graphics.sty
Package: graphics 2019/11/30 v1.4a Standard LaTeX Graphics (DPC,SPQR)

(/usr/local/texlive/2020/texmf-dist/tex/latex/graphics/trig.sty
Package: trig 2016/01/03 v1.10 sin cos tan (DPC)
)
(/usr/local/texlive/2020/texmf-dist/tex/latex/graphics-cfg/graphics.cfg
File: graphics.cfg 2016/06/04 v1.11 sample graphics configuration
)
Package graphics Info: Driver file: pdftex.def on input line 105.

(/usr/local/texlive/2020/texmf-dist/tex/latex/graphics-def/pdftex.def
File: pdftex.def 2018/01/08 v1.0l Graphics/color driver for pdftex
))
\Gin@req@height=\dimen135
\Gin@req@width=\dimen136
)
(/usr/local/texlive/2020/texmf-dist/tex/latex/graphics/color.sty
Package: color 2019/11/23 v1.2a Standard LaTeX Color (DPC)

(/usr/local/texlive/2020/texmf-dist/tex/latex/graphics-cfg/color.cfg
File: color.cfg 2016/01/02 v1.6 sample color configuration
)
Package color Info: Driver file: pdftex.def on input line 147.
)
(/usr/local/texlive/2020/texmf-dist/tex/latex/framed/framed.sty
Package: framed 2011/10/22 v 0.96: framed or shaded text with page breaks
\OuterFrameSep=\skip49
\fb@frw=\dimen137
\fb@frh=\dimen138
\FrameRule=\dimen139
\FrameSep=\dimen140
)
(/usr/local/texlive/2020/texmf-dist/tex/latex/base/alltt.sty
Package: alltt 1997/06/16 v2.0g defines alltt environment
)
(/usr/local/texlive/2020/texmf-dist/tex/latex/geometry/geometry.sty
Package: geometry 2020/01/02 v5.9 Page Geometry

(/usr/local/texlive/2020/texmf-dist/tex/generic/iftex/ifvtex.sty
Package: ifvtex 2019/10/25 v1.7 ifvtex legacy package. Use iftex instead.

(/usr/local/texlive/2020/texmf-dist/tex/generic/iftex/iftex.sty
Package: iftex 2020/03/06 v1.0d TeX engine tests
))
\Gm@cnth=\count175
\Gm@cntv=\count176
\c@Gm@tempcnt=\count177
\Gm@bindingoffset=\dimen141
\Gm@wd@mp=\dimen142
\Gm@odd@mp=\dimen143
\Gm@even@mp=\dimen144
\Gm@layoutwidth=\dimen145
\Gm@layoutheight=\dimen146
\Gm@layouthoffset=\dimen147
\Gm@layoutvoffset=\dimen148
\Gm@dimlist=\toks16
)
Package color Info: Redefining color red on input line 54.
Package color Info: Redefining color green on input line 56.
Package color Info: Redefining color blue on input line 59.

(/usr/local/texlive/2020/texmf-dist/tex/latex/upquote/upquote.sty
Package: upquote 2012/04/19 v1.3 upright-quote and grave-accent glyphs in verba
tim
)
(/usr/local/texlive/2020/texmf-dist/tex/latex/l3backend/l3backend-pdfmode.def
File: l3backend-pdfmode.def 2020-03-12 L3 backend support: PDF mode
\l__kernel_color_stack_int=\count178
\l__pdf_internal_box=\box45
)
(./strokeTherapy.aux)
\openout1 = `strokeTherapy.aux'.

LaTeX Font Info:    Checking defaults for OML/cmm/m/it on input line 64.
LaTeX Font Info:    ... okay on input line 64.
LaTeX Font Info:    Checking defaults for OMS/cmsy/m/n on input line 64.
LaTeX Font Info:    ... okay on input line 64.
LaTeX Font Info:    Checking defaults for OT1/cmr/m/n on input line 64.
LaTeX Font Info:    ... okay on input line 64.
LaTeX Font Info:    Checking defaults for T1/cmr/m/n on input line 64.
LaTeX Font Info:    ... okay on input line 64.
LaTeX Font Info:    Checking defaults for TS1/cmr/m/n on input line 64.
LaTeX Font Info:    ... okay on input line 64.
LaTeX Font Info:    Checking defaults for OMX/cmex/m/n on input line 64.
LaTeX Font Info:    ... okay on input line 64.
LaTeX Font Info:    Checking defaults for U/cmr/m/n on input line 64.
LaTeX Font Info:    ... okay on input line 64.

(/usr/local/texlive/2020/texmf-dist/tex/context/base/mkii/supp-pdf.mkii
[Loading MPS to PDF converter (version 2006.09.02).]
\scratchcounter=\count179
\scratchdimen=\dimen149
\scratchbox=\box46
\nofMPsegments=\count180
\nofMParguments=\count181
\everyMPshowfont=\toks17
\MPscratchCnt=\count182
\MPscratchDim=\dimen150
\MPnumerator=\count183
\makeMPintoPDFobject=\count184
\everyMPtoPDFconversion=\toks18
) (/usr/local/texlive/2020/texmf-dist/tex/latex/epstopdf-pkg/epstopdf-base.sty
Package: epstopdf-base 2020-01-24 v2.11 Base part for package epstopdf
Package epstopdf-base Info: Redefining graphics rule for `.eps' on input line 4
85.

(/usr/local/texlive/2020/texmf-dist/tex/latex/latexconfig/epstopdf-sys.cfg
File: epstopdf-sys.cfg 2010/07/13 v1.3 Configuration of (r)epstopdf for TeX Liv
e
))
*geometry* driver: auto-detecting
*geometry* detected driver: pdftex
*geometry* verbose mode - [ preamble ] result:
* driver: pdftex
* paper: <default>
* layout: <same size as paper>
* layoutoffset:(h,v)=(0.0pt,0.0pt)
* modes: 
* h-part:(L,W,R)=(72.26999pt, 469.75502pt, 72.26999pt)
* v-part:(T,H,B)=(72.26999pt, 650.43001pt, 72.26999pt)
* \paperwidth=614.295pt
* \paperheight=794.96999pt
* \textwidth=469.75502pt
* \textheight=650.43001pt
* \oddsidemargin=0.0pt
* \evensidemargin=0.0pt
* \topmargin=-37.0pt
* \headheight=12.0pt
* \headsep=25.0pt
* \topskip=11.0pt
* \footskip=30.0pt
* \marginparwidth=59.0pt
* \marginparsep=10.0pt
* \columnsep=10.0pt
* \skip\footins=10.0pt plus 4.0pt minus 2.0pt
* \hoffset=0.0pt
* \voffset=0.0pt
* \mag=1000
* \@twocolumnfalse
* \@twosidefalse
* \@mparswitchfalse
* \@reversemarginfalse
* (1in=72.27pt=25.4mm, 1cm=28.453pt)

! Undefined control sequence.
l.65 \SweaveOpts
                {concordance=TRUE}
The control sequence at the end of the top line
of your error message was never \def'ed. If you have
misspelled it (e.g., `\hobx'), type `I' and the correct
spelling (e.g., `I\hbox'). Otherwise just continue,
and I'll forget about whatever was undefined.

[1

{/usr/local/texlive/2020/texmf-var/fonts/map/pdftex/updmap/pdftex.map}]
LaTeX Font Info:    External font `cmex10' loaded for size
(Font)              <12> on input line 70.
LaTeX Font Info:    External font `cmex10' loaded for size
(Font)              <8> on input line 70.
LaTeX Font Info:    External font `cmex10' loaded for size
(Font)              <6> on input line 70.
LaTeX Font Info:    External font `cmex10' loaded for size
(Font)              <10.95> on input line 80.

[2]
Package color Info: Redefining color shadecolor on input line 177.
LaTeX Font Info:    Font shape `OT1/cmtt/bx/n' in size <10.95> not available
(Font)              Font shape `OT1/cmtt/m/n' tried instead on input line 180.
 [3]
Package color Info: Redefining color shadecolor on input line 204.
LaTeX Font Info:    Trying to load font information for OMS+cmtt on input line 
207.

(/Library/Frameworks/R.framework/Resources/share/texmf/tex/latex/omscmtt.fd
File: omscmtt.fd 
)
LaTeX Font Info:    Font shape `OMS/cmtt/m/n' in size <10.95> not available
(Font)              Font shape `OMS/cmsy/m/n' tried instead on input line 207.
Package color Info: Redefining color shadecolor on input line 232.
Package color Info: Redefining color shadecolor on input line 260.

[4]
Overfull \hbox (24.63213pt too wide) in paragraph at lines 300--300
[]\OT1/cmtt/m/n/10.95 ##   amplitude replicate     time montage paired.pulse le
sional subjectID   pct.change[] 
 []


Overfull \hbox (24.63213pt too wide) in paragraph at lines 300--300
[]\OT1/cmtt/m/n/10.95 ## 1 0.7048035         1 baseline  anodal       single le
sional         1  21.39689214[] 
 []


Overfull \hbox (24.63213pt too wide) in paragraph at lines 300--300
[]\OT1/cmtt/m/n/10.95 ## 2 0.4856873         2 baseline  anodal       single le
sional         1 -16.34416374[] 
 []


Overfull \hbox (24.63213pt too wide) in paragraph at lines 300--300
[]\OT1/cmtt/m/n/10.95 ## 3 0.5845642         3 baseline  anodal       single le
sional         1   0.68661914[] 
 []


Overfull \hbox (24.63213pt too wide) in paragraph at lines 300--300
[]\OT1/cmtt/m/n/10.95 ## 4 0.5323792         4 baseline  anodal       single le
sional         1  -8.30184960[] 
 []


Overfull \hbox (24.63213pt too wide) in paragraph at lines 300--300
[]\OT1/cmtt/m/n/10.95 ## 5 0.6295776         5 baseline  anodal       single le
sional         1   8.43983048[] 
 []


Overfull \hbox (24.63213pt too wide) in paragraph at lines 300--300
[]\OT1/cmtt/m/n/10.95 ## 6 0.5810547         6 baseline  anodal       single le
sional         1   0.08213148[] 
 []

Package color Info: Redefining color shadecolor on input line 307.

Overfull \hbox (30.38081pt too wide) in paragraph at lines 350--350
[]\OT1/cmtt/m/n/10.95 ##   condBySubject amplitude replicate     time montage p
aired.pulse lesional subjectID[] 
 []


Overfull \hbox (30.38081pt too wide) in paragraph at lines 350--350
[]\OT1/cmtt/m/n/10.95 ## 1         10111 0.4995728         1 baseline  anodal  
     single lesional        10[] 
 []


Overfull \hbox (30.38081pt too wide) in paragraph at lines 350--350
[]\OT1/cmtt/m/n/10.95 ## 2         10111 0.5133057         2 baseline  anodal  
     single lesional        10[] 
 []


Overfull \hbox (30.38081pt too wide) in paragraph at lines 350--350
[]\OT1/cmtt/m/n/10.95 ## 3         10111 0.3581238         3 baseline  anodal  
     single lesional        10[] 
 []


Overfull \hbox (30.38081pt too wide) in paragraph at lines 350--350
[]\OT1/cmtt/m/n/10.95 ## 4         10111 0.6427002         4 baseline  anodal  
     single lesional        10[] 
 []


Overfull \hbox (30.38081pt too wide) in paragraph at lines 350--350
[]\OT1/cmtt/m/n/10.95 ## 5         10111 0.5168152         5 baseline  anodal  
     single lesional        10[] 
 []


Overfull \hbox (30.38081pt too wide) in paragraph at lines 350--350
[]\OT1/cmtt/m/n/10.95 ## 6         10111 0.6385803         6 baseline  anodal  
     single lesional        10[] 
 []

[5]
Package color Info: Redefining color shadecolor on input line 357.
<./figs/unnamed-chunk-6-1.pdf, id=25, 361.35pt x 325.215pt>
File: ./figs/unnamed-chunk-6-1.pdf Graphic file (type pdf)
<use ./figs/unnamed-chunk-6-1.pdf>
Package pdftex.def Info: ./figs/unnamed-chunk-6-1.pdf  used on input line 369.
(pdftex.def)             Requested size: 361.34912pt x 325.2142pt.
 [6]
<./figs/unnamed-chunk-6-2.pdf, id=29, 361.35pt x 325.215pt>
File: ./figs/unnamed-chunk-6-2.pdf Graphic file (type pdf)
<use ./figs/unnamed-chunk-6-2.pdf>
Package pdftex.def Info: ./figs/unnamed-chunk-6-2.pdf  used on input line 381.
(pdftex.def)             Requested size: 361.34912pt x 325.2142pt.
 [7 <./figs/unnamed-chunk-6-1.pdf>]
Overfull \hbox (59.12425pt too wide) in paragraph at lines 431--431
[]\OT1/cmtt/m/n/10.95 ##    1    2    3    4    5    6    7    8    9   10   11
   12   13   14   15   16   17   18[] 
 []


Overfull \hbox (59.12425pt too wide) in paragraph at lines 431--431
[]\OT1/cmtt/m/n/10.95 ##  720  720  720  720  720  720  720  720  720  720  720
  720  720  720  720  720  720  720[] 
 []

[8 <./figs/unnamed-chunk-6-2.pdf>] [9] (./strokeTherapy.aux) ) 
Here is how much of TeX's memory you used:
 1854 strings out of 480608
 27725 string characters out of 5903631
 281115 words of memory out of 5000000
 17751 multiletter control sequences out of 15000+600000
 537537 words of font info for 42 fonts, out of 8000000 for 9000
 1141 hyphenation exceptions out of 8191
 30i,5n,29p,304b,302s stack positions out of 5000i,500n,10000p,200000b,80000s
</usr/local/texli
ve/2020/texmf-dist/fonts/type1/public/amsfonts/cm/cmbx12.pfb></usr/local/texliv
e/2020/texmf-dist/fonts/type1/public/amsfonts/cm/cmitt10.pfb></usr/local/texliv
e/2020/texmf-dist/fonts/type1/public/amsfonts/cm/cmr10.pfb></usr/local/texlive/
2020/texmf-dist/fonts/type1/public/amsfonts/cm/cmr12.pfb></usr/local/texlive/20
20/texmf-dist/fonts/type1/public/amsfonts/cm/cmr17.pfb></usr/local/texlive/2020
/texmf-dist/fonts/type1/public/amsfonts/cm/cmsy10.pfb></usr/local/texlive/2020/
texmf-dist/fonts/type1/public/amsfonts/cm/cmtt10.pfb>
Output written on strokeTherapy.pdf (9 pages, 115361 bytes).
PDF statistics:
 76 PDF objects out of 1000 (max. 8388607)
 53 compressed objects within 1 object stream
 0 named destinations out of 1000 (max. 500000)
 11 words of extra memory for PDF output out of 10000 (max. 10000000)

